[    0.000000] Linux version 4.15.0-143-generic (buildd@lcy01-amd64-001) (gcc version 7.5.0 (Ubuntu 7.5.0-3ubuntu1~18.04)) #147-Ubuntu SMP Wed Apr 14 16:10:11 UTC 2021 (Ubuntu 4.15.0-143.147-generic 4.15.18)
[    0.000000] Command line: BOOT_IMAGE=/boot/vmlinuz-4.15.0-143-generic root=LABEL=cloudimg-rootfs ro console=tty1 console=ttyS0
[    0.000000] KERNEL supported cpus:
[    0.000000]   Intel GenuineIntel
[    0.000000]   AMD AuthenticAMD
[    0.000000]   Centaur CentaurHauls
[    0.000000] x86/fpu: Supporting XSAVE feature 0x001: 'x87 floating point registers'
[    0.000000] x86/fpu: Supporting XSAVE feature 0x002: 'SSE registers'
[    0.000000] x86/fpu: Supporting XSAVE feature 0x004: 'AVX registers'
[    0.000000] x86/fpu: xstate_offset[2]:  576, xstate_sizes[2]:  256
[    0.000000] x86/fpu: Enabled xstate features 0x7, context size is 832 bytes, using 'standard' format.
[    0.000000] e820: BIOS-provided physical RAM map:
[    0.000000] BIOS-e820: [mem 0x0000000000000000-0x000000000009fbff] usable
[    0.000000] BIOS-e820: [mem 0x000000000009fc00-0x000000000009ffff] reserved
[    0.000000] BIOS-e820: [mem 0x00000000000f0000-0x00000000000fffff] reserved
[    0.000000] BIOS-e820: [mem 0x0000000000100000-0x000000003ffeffff] usable
[    0.000000] BIOS-e820: [mem 0x000000003fff0000-0x000000003fffffff] ACPI data
[    0.000000] BIOS-e820: [mem 0x00000000fec00000-0x00000000fec00fff] reserved
[    0.000000] BIOS-e820: [mem 0x00000000fee00000-0x00000000fee00fff] reserved
[    0.000000] BIOS-e820: [mem 0x00000000fffc0000-0x00000000ffffffff] reserved
[    0.000000] NX (Execute Disable) protection: active
[    0.000000] SMBIOS 2.5 present.
[    0.000000] DMI: innotek GmbH VirtualBox/VirtualBox, BIOS VirtualBox 12/01/2006
[    0.000000] Hypervisor detected: KVM
[    0.000000] e820: last_pfn = 0x3fff0 max_arch_pfn = 0x400000000
[    0.000000] MTRR: Disabled
[    0.000000] x86/PAT: MTRRs disabled, skipping PAT initialization too.
[    0.000000] CPU MTRRs all blank - virtualized system.
[    0.000000] x86/PAT: Configuration [0-7]: WB  WT  UC- UC  WB  WT  UC- UC  
[    0.000000] found SMP MP-table at [mem 0x0009fff0-0x0009ffff]
[    0.000000] Scanning 1 areas for low memory corruption
[    0.000000] RAMDISK: [mem 0x359d3000-0x36ce0fff]
[    0.000000] ACPI: Early table checksum verification disabled
[    0.000000] ACPI: RSDP 0x00000000000E0000 000024 (v02 VBOX  )
[    0.000000] ACPI: XSDT 0x000000003FFF0030 00003C (v01 VBOX   VBOXXSDT 00000001 ASL  00000061)
[    0.000000] ACPI: FACP 0x000000003FFF00F0 0000F4 (v04 VBOX   VBOXFACP 00000001 ASL  00000061)
[    0.000000] ACPI: DSDT 0x000000003FFF0470 002325 (v02 VBOX   VBOXBIOS 00000002 INTL 20190509)
[    0.000000] ACPI: FACS 0x000000003FFF0200 000040
[    0.000000] ACPI: FACS 0x000000003FFF0200 000040
[    0.000000] ACPI: APIC 0x000000003FFF0240 00005C (v02 VBOX   VBOXAPIC 00000001 ASL  00000061)
[    0.000000] ACPI: SSDT 0x000000003FFF02A0 0001CC (v01 VBOX   VBOXCPUT 00000002 INTL 20190509)
[    0.000000] No NUMA configuration found
[    0.000000] Faking a node at [mem 0x0000000000000000-0x000000003ffeffff]
[    0.000000] NODE_DATA(0) allocated [mem 0x3ffc5000-0x3ffeffff]
[    0.000000] kvm-clock: cpu 0, msr 0:3ff44001, primary cpu clock
[    0.000000] kvm-clock: Using msrs 4b564d01 and 4b564d00
[    0.000000] kvm-clock: using sched offset of 3264603154 cycles
[    0.000000] clocksource: kvm-clock: mask: 0xffffffffffffffff max_cycles: 0x1cd42e4dffb, max_idle_ns: 881590591483 ns
[    0.000000] Zone ranges:
[    0.000000]   DMA      [mem 0x0000000000001000-0x0000000000ffffff]
[    0.000000]   DMA32    [mem 0x0000000001000000-0x000000003ffeffff]
[    0.000000]   Normal   empty
[    0.000000]   Device   empty
[    0.000000] Movable zone start for each node
[    0.000000] Early memory node ranges
[    0.000000]   node   0: [mem 0x0000000000001000-0x000000000009efff]
[    0.000000]   node   0: [mem 0x0000000000100000-0x000000003ffeffff]
[    0.000000] Reserved but unavailable: 98 pages
[    0.000000] Initmem setup node 0 [mem 0x0000000000001000-0x000000003ffeffff]
[    0.000000] ACPI: PM-Timer IO Port: 0x4008
[    0.000000] IOAPIC[0]: apic_id 2, version 32, address 0xfec00000, GSI 0-23
[    0.000000] ACPI: INT_SRC_OVR (bus 0 bus_irq 0 global_irq 2 dfl dfl)
[    0.000000] ACPI: INT_SRC_OVR (bus 0 bus_irq 9 global_irq 9 low level)
[    0.000000] Using ACPI (MADT) for SMP configuration information
[    0.000000] smpboot: Allowing 2 CPUs, 0 hotplug CPUs
[    0.000000] PM: Registered nosave memory: [mem 0x00000000-0x00000fff]
[    0.000000] PM: Registered nosave memory: [mem 0x0009f000-0x0009ffff]
[    0.000000] PM: Registered nosave memory: [mem 0x000a0000-0x000effff]
[    0.000000] PM: Registered nosave memory: [mem 0x000f0000-0x000fffff]
[    0.000000] e820: [mem 0x40000000-0xfebfffff] available for PCI devices
[    0.000000] Booting paravirtualized kernel on KVM
[    0.000000] clocksource: refined-jiffies: mask: 0xffffffff max_cycles: 0xffffffff, max_idle_ns: 7645519600211568 ns
[    0.000000] random: get_random_bytes called from start_kernel+0x99/0x500 with crng_init=0
[    0.000000] setup_percpu: NR_CPUS:8192 nr_cpumask_bits:2 nr_cpu_ids:2 nr_node_ids:1
[    0.000000] percpu: Embedded 45 pages/cpu s147456 r8192 d28672 u1048576
[    0.000000] PV qspinlock hash table entries: 256 (order: 0, 4096 bytes)
[    0.000000] Built 1 zonelists, mobility grouping on.  Total pages: 257913
[    0.000000] Policy zone: DMA32
[    0.000000] Kernel command line: BOOT_IMAGE=/boot/vmlinuz-4.15.0-143-generic root=LABEL=cloudimg-rootfs ro console=tty1 console=ttyS0
[    0.000000] Memory: 982728K/1048120K available (12300K kernel code, 2483K rwdata, 4316K rodata, 2444K init, 2724K bss, 65392K reserved, 0K cma-reserved)
[    0.000000] SLUB: HWalign=64, Order=0-3, MinObjects=0, CPUs=2, Nodes=1
[    0.000000] Kernel/User page tables isolation: enabled
[    0.000000] ftrace: allocating 39437 entries in 155 pages
[    0.004000] Hierarchical RCU implementation.
[    0.004000] 	RCU restricting CPUs from NR_CPUS=8192 to nr_cpu_ids=2.
[    0.004000] 	Tasks RCU enabled.
[    0.004000] RCU: Adjusting geometry for rcu_fanout_leaf=16, nr_cpu_ids=2
[    0.004000] NR_IRQS: 524544, nr_irqs: 440, preallocated irqs: 16
[    0.004000] Console: colour VGA+ 80x25
[    0.004000] console [tty1] enabled
[    0.004000] console [ttyS0] enabled
[    0.004000] ACPI: Core revision 20170831
[    0.004000] ACPI: 2 ACPI AML tables successfully acquired and loaded
[    0.004000] APIC: Switch to symmetric I/O mode setup
[    0.004000] x2apic enabled
[    0.004000] Switched APIC routing to physical x2apic.
[    0.004000] ..TIMER: vector=0x30 apic1=0 pin1=2 apic2=-1 pin2=-1
[    0.004000] tsc: Detected 3192.000 MHz processor
[    0.004011] Calibrating delay loop (skipped) preset value.. 6384.00 BogoMIPS (lpj=12768000)
[    0.005204] pid_max: default: 32768 minimum: 301
[    0.005939] Security Framework initialized
[    0.006522] Yama: becoming mindful.
[    0.007036] AppArmor: AppArmor initialized
[    0.008579] Dentry cache hash table entries: 131072 (order: 8, 1048576 bytes)
[    0.009654] Inode-cache hash table entries: 65536 (order: 7, 524288 bytes)
[    0.010539] Mount-cache hash table entries: 2048 (order: 2, 16384 bytes)
[    0.011408] Mountpoint-cache hash table entries: 2048 (order: 2, 16384 bytes)
[    0.012247] Last level iTLB entries: 4KB 128, 2MB 8, 4MB 8
[    0.012989] Last level dTLB entries: 4KB 64, 2MB 0, 4MB 0, 1GB 4
[    0.013751] Spectre V1 : Mitigation: usercopy/swapgs barriers and __user pointer sanitization
[    0.014840] Spectre V2 : Mitigation: Full generic retpoline
[    0.016001] Spectre V2 : Spectre v2 / SpectreRSB mitigation: Filling RSB on context switch
[    0.017252] Speculative Store Bypass: Vulnerable
[    0.018100] SRBDS: Unknown: Dependent on hypervisor status
[    0.018851] MDS: Mitigation: Clear CPU buffers
[    0.019665] Freeing SMP alternatives memory: 36K
[    0.130765] smpboot: CPU0: Intel(R) Core(TM) i5-6500 CPU @ 3.20GHz (family: 0x6, model: 0x5e, stepping: 0x3)
[    0.132000] Performance Events: unsupported p6 CPU model 94 no PMU driver, software events only.
[    0.132000] Hierarchical SRCU implementation.
[    0.132000] NMI watchdog: Perf event create on CPU 0 failed with -2
[    0.132002] NMI watchdog: Perf NMI watchdog permanently disabled
[    0.132923] smp: Bringing up secondary CPUs ...
[    0.134138] x86: Booting SMP configuration:
[    0.134800] .... node  #0, CPUs:      #1
[    0.004000] kvm-clock: cpu 1, msr 0:3ff44041, secondary cpu clock
[    0.138917] smp: Brought up 1 node, 2 CPUs
[    0.138917] smpboot: Max logical packages: 1
[    0.140005] smpboot: Total of 2 processors activated (12768.00 BogoMIPS)
[    0.140936] devtmpfs: initialized
[    0.140936] x86/mm: Memory block size: 128MB
[    0.141311] evm: security.selinux
[    0.141875] evm: security.SMACK64
[    0.142373] evm: security.SMACK64EXEC
[    0.144002] evm: security.SMACK64TRANSMUTE
[    0.144635] evm: security.SMACK64MMAP
[    0.145168] evm: security.apparmor
[    0.145623] evm: security.ima
[    0.146147] evm: security.capability
[    0.146849] clocksource: jiffies: mask: 0xffffffff max_cycles: 0xffffffff, max_idle_ns: 7645041785100000 ns
[    0.148007] futex hash table entries: 512 (order: 3, 32768 bytes)
[    0.149871] pinctrl core: initialized pinctrl subsystem
[    0.150939] RTC time: 12:07:46, date: 05/30/21
[    0.152122] NET: Registered protocol family 16
[    0.152775] audit: initializing netlink subsys (disabled)
[    0.153501] audit: type=2000 audit(1622376471.232:1): state=initialized audit_enabled=0 res=1
[    0.156021] cpuidle: using governor ladder
[    0.156681] cpuidle: using governor menu
[    0.157268] ACPI: bus type PCI registered
[    0.157998] acpiphp: ACPI Hot Plug PCI Controller Driver version: 0.5
[    0.158995] PCI: Using configuration type 1 for base access
[    0.161158] HugeTLB registered 2.00 MiB page size, pre-allocated 0 pages
[    0.161158] ACPI: Added _OSI(Module Device)
[    0.161158] ACPI: Added _OSI(Processor Device)
[    0.161277] ACPI: Added _OSI(3.0 _SCP Extensions)
[    0.164006] ACPI: Added _OSI(Processor Aggregator Device)
[    0.164712] ACPI: Added _OSI(Linux-Dell-Video)
[    0.165649] ACPI: Added _OSI(Linux-Lenovo-NV-HDMI-Audio)
[    0.166593] ACPI: Added _OSI(Linux-HPI-Hybrid-Graphics)
[    0.168258] ACPI: Executed 1 blocks of module-level executable AML code
[    0.171924] ACPI: Interpreter enabled
[    0.172010] ACPI: (supports S0 S5)
[    0.172483] ACPI: Using IOAPIC for interrupt routing
[    0.173346] PCI: Using host bridge windows from ACPI; if necessary, use "pci=nocrs" and report a bug
[    0.174684] ACPI: Enabled 2 GPEs in block 00 to 07
[    0.180574] ACPI: PCI Root Bridge [PCI0] (domain 0000 [bus 00-ff])
[    0.181436] acpi PNP0A03:00: _OSC: OS supports [ASPM ClockPM Segments MSI]
[    0.184021] acpi PNP0A03:00: _OSC: not requesting OS control; OS requires [ExtendedConfig ASPM ClockPM MSI]
[    0.185760] acpi PNP0A03:00: fail to add MMCONFIG information, can't access extended PCI configuration space under this bridge.
[    0.187557] PCI host bridge to bus 0000:00
[    0.188003] pci_bus 0000:00: root bus resource [io  0x0000-0x0cf7 window]
[    0.188925] pci_bus 0000:00: root bus resource [io  0x0d00-0xffff window]
[    0.189798] pci_bus 0000:00: root bus resource [mem 0x000a0000-0x000bffff window]
[    0.190983] pci_bus 0000:00: root bus resource [mem 0x40000000-0xfdffffff window]
[    0.192002] pci_bus 0000:00: root bus resource [bus 00-ff]
[    0.194187] pci 0000:00:01.1: legacy IDE quirk: reg 0x10: [io  0x01f0-0x01f7]
[    0.195133] pci 0000:00:01.1: legacy IDE quirk: reg 0x14: [io  0x03f6]
[    0.196002] pci 0000:00:01.1: legacy IDE quirk: reg 0x18: [io  0x0170-0x0177]
[    0.197461] pci 0000:00:01.1: legacy IDE quirk: reg 0x1c: [io  0x0376]
[    0.210631] pci 0000:00:07.0: quirk: [io  0x4000-0x403f] claimed by PIIX4 ACPI
[    0.211763] pci 0000:00:07.0: quirk: [io  0x4100-0x410f] claimed by PIIX4 SMB
[    0.220835] ACPI: PCI Interrupt Link [LNKA] (IRQs 5 9 10 *11)
[    0.222050] ACPI: PCI Interrupt Link [LNKB] (IRQs 5 9 *10 11)
[    0.222913] ACPI: PCI Interrupt Link [LNKC] (IRQs 5 *9 10 11)
[    0.223816] ACPI: PCI Interrupt Link [LNKD] (IRQs 5 9 10 *11)
[    0.224305] SCSI subsystem initialized
[    0.224854] pci 0000:00:02.0: vgaarb: setting as boot VGA device
[    0.224854] pci 0000:00:02.0: vgaarb: VGA device added: decodes=io+mem,owns=io+mem,locks=none
[    0.226028] pci 0000:00:02.0: vgaarb: bridge control possible
[    0.228011] vgaarb: loaded
[    0.228452] ACPI: bus type USB registered
[    0.229026] usbcore: registered new interface driver usbfs
[    0.230811] usbcore: registered new interface driver hub
[    0.232000] usbcore: registered new device driver usb
[    0.232053] EDAC MC: Ver: 3.0.0
[    0.232671] PCI: Using ACPI for IRQ routing
[    0.232901] NetLabel: Initializing
[    0.236008] NetLabel:  domain hash size = 128
[    0.236791] NetLabel:  protocols = UNLABELED CIPSOv4 CALIPSO
[    0.237564] NetLabel:  unlabeled traffic allowed by default
[    0.238327] clocksource: Switched to clocksource kvm-clock
[    0.245885] VFS: Disk quotas dquot_6.6.0
[    0.246600] VFS: Dquot-cache hash table entries: 512 (order 0, 4096 bytes)
[    0.247716] AppArmor: AppArmor Filesystem Enabled
[    0.248363] pnp: PnP ACPI init
[    0.249531] pnp: PnP ACPI: found 3 devices
[    0.257889] clocksource: acpi_pm: mask: 0xffffff max_cycles: 0xffffff, max_idle_ns: 2085701024 ns
[    0.259393] NET: Registered protocol family 2
[    0.260158] TCP established hash table entries: 8192 (order: 4, 65536 bytes)
[    0.261355] TCP bind hash table entries: 8192 (order: 5, 131072 bytes)
[    0.262672] TCP: Hash tables configured (established 8192 bind 8192)
[    0.263697] UDP hash table entries: 512 (order: 2, 16384 bytes)
[    0.264508] UDP-Lite hash table entries: 512 (order: 2, 16384 bytes)
[    0.265356] NET: Registered protocol family 1
[    0.266060] pci 0000:00:00.0: Limiting direct PCI/PCI transfers
[    0.266964] pci 0000:00:01.0: Activating ISA DMA hang workarounds
[    0.267784] pci 0000:00:02.0: Video device with shadowed ROM at [mem 0x000c0000-0x000dffff]
[    0.268953] Unpacking initramfs...
[    0.519397] Freeing initrd memory: 19512K
[    0.520161] clocksource: tsc: mask: 0xffffffffffffffff max_cycles: 0x2e02c4a121d, max_idle_ns: 440795236083 ns
[    0.521466] platform rtc_cmos: registered platform RTC device (no PNP device found)
[    0.522524] Scanning for low memory corruption every 60 seconds
[    0.524234] Initialise system trusted keyrings
[    0.525142] Key type blacklist registered
[    0.525824] workingset: timestamp_bits=36 max_order=18 bucket_order=0
[    0.527611] zbud: loaded
[    0.528465] squashfs: version 4.0 (2009/01/31) Phillip Lougher
[    0.529457] fuse init (API version 7.26)
[    0.531755] Key type asymmetric registered
[    0.532387] Asymmetric key parser 'x509' registered
[    0.533096] Block layer SCSI generic (bsg) driver version 0.4 loaded (major 246)
[    0.534436] io scheduler noop registered
[    0.535139] io scheduler deadline registered
[    0.535905] io scheduler cfq registered (default)
[    0.536949] ACPI: AC Adapter [AC] (on-line)
[    0.537559] input: Power Button as /devices/LNXSYSTM:00/LNXPWRBN:00/input/input0
[    0.538645] ACPI: Power Button [PWRF]
[    0.539296] input: Sleep Button as /devices/LNXSYSTM:00/LNXSLPBN:00/input/input1
[    0.540373] ACPI: Sleep Button [SLPF]
[    0.541238] Serial: 8250/16550 driver, 32 ports, IRQ sharing enabled
[    0.562630] 00:02: ttyS0 at I/O 0x3f8 (irq = 4, base_baud = 115200) is a 16550A
[    0.566123] Linux agpgart interface v0.103
[    0.567989] loop: module loaded
[    0.568922] scsi host0: ata_piix
[    0.569478] scsi host1: ata_piix
[    0.569988] ata1: PATA max UDMA/33 cmd 0x1f0 ctl 0x3f6 bmdma 0xd000 irq 14
[    0.570976] ata2: PATA max UDMA/33 cmd 0x170 ctl 0x376 bmdma 0xd008 irq 15
[    0.572187] libphy: Fixed MDIO Bus: probed
[    0.572783] tun: Universal TUN/TAP device driver, 1.6
[    0.573663] PPP generic driver version 2.4.2
[    0.574387] ehci_hcd: USB 2.0 'Enhanced' Host Controller (EHCI) Driver
[    0.575420] ehci-pci: EHCI PCI platform driver
[    0.576225] ehci-platform: EHCI generic platform driver
[    0.576900] ohci_hcd: USB 1.1 'Open' Host Controller (OHCI) Driver
[    0.577711] ohci-pci: OHCI PCI platform driver
[    0.578377] ohci-platform: OHCI generic platform driver
[    0.579183] uhci_hcd: USB Universal Host Controller Interface driver
[    0.580112] i8042: PNP: PS/2 Controller [PNP0303:PS2K,PNP0f03:PS2M] at 0x60,0x64 irq 1,12
[    0.581644] serio: i8042 KBD port at 0x60,0x64 irq 1
[    0.582395] serio: i8042 AUX port at 0x60,0x64 irq 12
[    0.583483] mousedev: PS/2 mouse device common for all mice
[    0.585007] input: AT Translated Set 2 keyboard as /devices/platform/i8042/serio0/input/input2
[    0.586600] rtc_cmos rtc_cmos: rtc core: registered rtc_cmos as rtc0
[    0.587802] rtc_cmos rtc_cmos: alarms up to one day, 114 bytes nvram
[    0.588851] i2c /dev entries driver
[    0.589514] device-mapper: uevent: version 1.0.3
[    0.590296] device-mapper: ioctl: 4.37.0-ioctl (2017-09-20) initialised: dm-devel@redhat.com
[    0.591550] ledtrig-cpu: registered to indicate activity on CPUs
[    0.593640] NET: Registered protocol family 10
[    0.597694] Segment Routing with IPv6
[    0.598263] NET: Registered protocol family 17
[    0.599035] Key type dns_resolver registered
[    0.599731] mce: Using 0 MCE banks
[    0.600213] RAS: Correctable Errors collector initialized.
[    0.600912] sched_clock: Marking stable (600198333, 0)->(719891212, -119692879)
[    0.602207] registered taskstats version 1
[    0.602780] Loading compiled-in X.509 certificates
[    0.605380] Loaded X.509 cert 'Build time autogenerated kernel key: de118354fe72448b469776565e76ac30c08e8db2'
[    0.607182] Loaded X.509 cert 'Canonical Ltd. Live Patch Signing: 14df34d1a87cf37625abec039ef2bf521249b969'
[    0.608995] Loaded X.509 cert 'Canonical Ltd. Kernel Module Signing: 88f752e560a1e0737e31163a466ad7b70a850c19'
[    0.610291] zswap: loaded using pool lzo/zbud
[    0.614277] Key type big_key registered
[    0.614881] Key type trusted registered
[    0.617261] Key type encrypted registered
[    0.617821] AppArmor: AppArmor sha1 policy hashing enabled
[    0.618661] ima: No TPM chip found, activating TPM-bypass! (rc=-19)
[    0.619969] ima: Allocated hash algorithm: sha1
[    0.620609] evm: HMAC attrs: 0x1
[    0.621397]   Magic number: 5:585:128
[    0.622068] acpi device:03: hash matches
[    0.622867] acpi PNP0C02:00: hash matches
[    0.623495] rtc_cmos rtc_cmos: setting system clock to 2021-05-30 12:07:47 UTC (1622376467)
[    0.624850] BIOS EDD facility v0.16 2004-Jun-25, 0 devices found
[    0.625853] EDD information not available.
[    0.773864] Freeing unused kernel image memory: 2444K
[    1.521917] Write protecting the kernel read-only data: 20480k
[    1.527073] Freeing unused kernel image memory: 2008K
[    1.528188] Freeing unused kernel image memory: 1828K
[    1.534977] x86/mm: Checked W+X mappings: passed, no W+X pages found.
[    1.535839] x86/mm: Checking user space page tables
[    1.542398] x86/mm: Checked W+X mappings: passed, no W+X pages found.
Loading, please wait...
starting version 237
[    1.596383] e1000: Intel(R) PRO/1000 Network Driver - version 7.3.21-k8-NAPI
[    1.597475] e1000: Copyright (c) 1999-2006 Intel Corporation.
[    1.600479] Fusion MPT base driver 3.04.20
[    1.601425] Copyright (c) 1999-2008 LSI Corporation
[    1.604884] Fusion MPT SPI Host driver 3.04.20
[    1.628238] AVX2 version of gcm_enc/dec engaged.
[    1.629045] AES CTR mode by8 optimization enabled
[    1.813189] input: ImExPS/2 Generic Explorer Mouse as /devices/platform/i8042/serio1/input/input4
[    1.955004] e1000 0000:00:03.0 eth0: (PCI:33MHz:32-bit) 02:c3:ac:bf:e0:17
[    1.956928] e1000 0000:00:03.0 eth0: Intel(R) PRO/1000 Network Connection
[    1.960171] mptbase: ioc0: Initiating bringup
[    2.056996] ioc0: LSI53C1030 A0: Capabilities={Initiator}
[    2.312248] scsi host2: ioc0: LSI53C1030 A0, FwRev=00000000h, Ports=1, MaxQ=256, IRQ=20
[    2.488989] scsi 2:0:0:0: Direct-Access     VBOX     HARDDISK         1.0  PQ: 0 ANSI: 5
[    2.632130] scsi target2:0:0: Beginning Domain Validation
[    2.634066] scsi target2:0:0: Domain Validation skipping write tests
[    2.635005] scsi target2:0:0: Ending Domain Validation
[    2.635726] scsi target2:0:0: asynchronous
[    2.636912] scsi 2:0:1:0: Direct-Access     VBOX     HARDDISK         1.0  PQ: 0 ANSI: 5
[    2.869627] e1000 0000:00:08.0 eth1: (PCI:33MHz:32-bit) 08:00:27:25:9b:b7
[    2.871146] e1000 0000:00:08.0 eth1: Intel(R) PRO/1000 Network Connection
[    2.873952] e1000 0000:00:03.0 enp0s3: renamed from eth0
[    2.880103] scsi target2:0:1: Beginning Domain Validation
[    2.881604] random: fast init done
[    2.882161] scsi target2:0:1: Domain Validation skipping write tests
[    2.883029] scsi target2:0:1: Ending Domain Validation
[    2.883751] scsi target2:0:1: asynchronous
[    2.886416] random: systemd-udevd: uninitialized urandom read (16 bytes read)
[    2.886618] sd 2:0:0:0: [sda] 83886080 512-byte logical blocks: (42.9 GB/40.0 GiB)
[    2.887452] random: systemd-udevd: uninitialized urandom read (16 bytes read)
[    2.888658] sd 2:0:0:0: [sda] Write Protect is off
[    2.889578] random: systemd-udevd: uninitialized urandom read (16 bytes read)
[    2.891181] sd 2:0:0:0: Attached scsi generic sg0 type 0
[    2.892017] sd 2:0:1:0: Attached scsi generic sg1 type 0
[    2.893385] sd 2:0:0:0: [sda] Incomplete mode parameter data
[    2.894161] sd 2:0:0:0: [sda] Assuming drive cache: write through
[    2.894988] sd 2:0:1:0: [sdb] 20480 512-byte logical blocks: (10.5 MB/10.0 MiB)
[    2.895587]  sda: sda1
[    2.896492] sd 2:0:1:0: [sdb] Write Protect is off
[    2.897361] sd 2:0:1:0: [sdb] Incomplete mode parameter data
[    2.897709] sd 2:0:0:0: [sda] Attached SCSI disk
[    2.898146] sd 2:0:1:0: [sdb] Assuming drive cache: write through
[    2.900431] e1000 0000:00:08.0 enp0s8: renamed from eth1
[    2.902375] sd 2:0:1:0: [sdb] Attached SCSI disk
Begin: Loading essential drivers ... [    4.352107] raid6: sse2x1   gen() 11511 MB/s
[    4.400076] raid6: sse2x1   xor()  8450 MB/s
[    4.448057] raid6: sse2x2   gen() 14327 MB/s
[    4.496108] raid6: sse2x2   xor()  9824 MB/s
[    4.544080] raid6: sse2x4   gen() 16820 MB/s
[    4.592076] raid6: sse2x4   xor() 10452 MB/s
[    4.640077] raid6: avx2x1   gen() 23312 MB/s
[    4.688092] raid6: avx2x1   xor() 17050 MB/s
[    4.736096] raid6: avx2x2   gen() 28391 MB/s
[    4.784108] raid6: avx2x2   xor() 18466 MB/s
[    4.832059] raid6: avx2x4   gen() 32729 MB/s
[    4.880075] raid6: avx2x4   xor() 19583 MB/s
[    4.880797] raid6: using algorithm avx2x4 gen() 32729 MB/s
[    4.881661] raid6: .... xor() 19583 MB/s, rmw enabled
[    4.882352] raid6: using avx2x2 recovery algorithm
[    4.884397] xor: automatically using best checksumming function   avx       
[    4.886380] async_tx: api initialized (async)
done.
Begin: Running /scripts/init-premount ... done.
Begin: Mounting root file system ... Begin: Running /scripts/local-top ... done.
Begin: Running /scripts/local-premount ... [    4.925076] Btrfs loaded, crc32c=crc32c-intel
Scanning for Btrfs filesystems
done.
Warning: fsck not present, so skipping root file system
[    4.952035] EXT4-fs (sda1): mounted filesystem with ordered data mode. Opts: (null)
done.
Begin: Running /scripts/local-bottom ... done.
Begin: Running /scripts/init-bottom ... done.
[    5.142860] ip_tables: (C) 2000-2006 Netfilter Core Team
[    5.154899] systemd[1]: systemd 237 running in system mode. (+PAM +AUDIT +SELINUX +IMA +APPARMOR +SMACK +SYSVINIT +UTMP +LIBCRYPTSETUP +GCRYPT +GNUTLS +ACL +XZ +LZ4 +SECCOMP +BLKID +ELFUTILS +KMOD -IDN2 +IDN -PCRE2 default-hierarchy=hybrid)
[    5.158706] systemd[1]: Detected virtualization oracle.
[    5.159679] systemd[1]: Detected architecture x86-64.

Welcome to [1mUbuntu 18.04.5 LTS[0m!

[    5.165647] systemd[1]: Set hostname to <ubuntu>.
[    5.168184] systemd[1]: Initializing machine ID from random generator.
[    5.169094] systemd[1]: Installed transient /etc/machine-id file.
[    5.375455] systemd[1]: Reached target Swap.
[[0;32m  OK  [0m] Reached target Swap.
[    5.376774] systemd[1]: Set up automount Arbitrary Executable File Formats File System Automount Point.
[[0;32m  OK  [0m] Set up automount Arbitrary Executab…rmats File System Automount Point.
[    5.379208] systemd[1]: Reached target User and Group Name Lookups.
[[0;32m  OK  [0m] Reached target User and Group Name Lookups.
[    5.381245] systemd[1]: Started Forward Password Requests to Wall Directory Watch.
[[0;32m  OK  [0m] Started Forward Password Requests to Wall Directory Watch.
[[0;32m  OK  [0m] Created slice User and Session Slice.
[[0;32m  OK  [0m] Created slice System Slice.
[[0;32m  OK  [0m] Listening on Device-mapper event daemon FIFOs.
[[0;32m  OK  [0m] Listening on fsck to fsckd communication Socket.
[[0;32m  OK  [0m] Listening on udev Control Socket.
[[0;32m  OK  [0m] Listening on Network Service Netlink Socket.
[[0;32m  OK  [0m] Reached target Slices.
[[0;32m  OK  [0m] Listening on /dev/initctl Compatibility Named Pipe.
[[0;32m  OK  [0m] Listening on Journal Audit Socket.
[[0;32m  OK  [0m] Listening on LVM2 poll daemon socket.
[[0;32m  OK  [0m] Listening on udev Kernel Socket.
[[0;32m  OK  [0m] Created slice system-serial\x2dgetty.slice.
[[0;32m  OK  [0m] Reached target System Time Synchronized.
[[0;32m  OK  [0m] Listening on Syslog Socket.
[[0;32m  OK  [0m] Listening on LVM2 metadata daemon socket.
[[0;32m  OK  [0m] Listening on Journal Socket.
         Starting udev Coldplug all Devices...
         Starting Load Kernel Modules...
         Starting Create list of required st…ce nodes for the current kernel...
         Starting File System Check on Root Device...
         Mounting Huge Pages File System...
         Starting Uncomplicated firewall...
         Starting Monitoring of LVM2 mirrors…ng dmeventd or progress polling...
         Mounting Kernel Debug File System...
         Starting Set the console keyboard layout...
         Mounting POSIX Message Queue File System...
[[0;32m  OK  [0m] Listening on Journal Socket (/dev/log).
         Starting Journal Service...
[    5.431085] Loading iSCSI transport class v2.0-870.
[    5.437762] iscsi: registered transport (tcp)
[    5.455529] iscsi: registered transport (iser)
[[0;32m  OK  [0m] Started Load Kernel Modules.
         Mounting FUSE Control File System...
         Starting Apply Kernel Variables...
         Mounting Kernel Configuration File System...
[[0;32m  OK  [0m] Started udev Coldplug all Devices.
[[0;32m  OK  [0m] Started Create list of required sta…vice nodes for the current kernel.
         Starting Create Static Device Nodes in /dev...
[[0;32m  OK  [0m] Started File System Check Daemon to report status.
[[0;32m  OK  [0m] Started Uncomplicated firewall.
[[0;32m  OK  [0m] Started Journal Service.
[[0;32m  OK  [0m] Started Create Static Device Nodes in /dev.
[[0;32m  OK  [0m] Mounted Kernel Debug File System.
[[0;32m  OK  [0m] Mounted Huge Pages File System.
[[0;32m  OK  [0m] Started File System Check on Root Device.
[[0;32m  OK  [0m] Mounted POSIX Message Queue File System.
[[0;32m  OK  [0m] Mounted FUSE Control File System.
[[0;32m  OK  [0m] Mounted Kernel Configuration File System.
         Starting Remount Root and Kernel File Systems...
[[0;32m  OK  [0m] Started LVM2 metadata daemon.
[[0;32m  OK  [0m] Started Apply Kernel Variables.
[[0;32m  OK  [0m] Started Remount Root and Kernel File Systems.
         Starting Load/Save Random Seed...
         Starting udev Kernel Device Manager...
         Starting Flush Journal to Persistent Storage...
[[0;32m  OK  [0m] Started udev Kernel Device Manager.
[[0;32m  OK  [0m] Started Set the console keyboard layout.
[[0;32m  OK  [0m] Started Dispatch Password Requests to Console Directory Watch.
[[0;32m  OK  [0m] Reached target Local Encrypted Volumes.
[[0;32m  OK  [0m] Started Load/Save Random Seed.
[[0;32m  OK  [0m] Started Monitoring of LVM2 mirrors,…sing dmeventd or progress polling.
[[0;32m  OK  [0m] Reached target Local File Systems (Pre).
[[0;32m  OK  [0m] Reached target Local File Systems.
         Starting ebtables ruleset management...
         Starting AppArmor initialization...
         Starting Commit a transient machine-id on disk...
         Starting Set console font and keymap...
         Starting Tell Plymouth To Write Out Runtime Data...
[[0;32m  OK  [0m] Started Set console font and keymap.
[[0;32m  OK  [0m] Started Tell Plymouth To Write Out Runtime Data.
[[0;32m  OK  [0m] Started Flush Journal to Persistent Storage.
         Starting Create Volatile Files and Directories...
[[0;32m  OK  [0m] Started Create Volatile Files and Directories.
         Starting Update UTMP about System Boot/Shutdown...
[[0;32m  OK  [0m] Started Commit a transient machine-id on disk.
[[0;32m  OK  [0m] Started Update UTMP about System Boot/Shutdown.
[[0;32m  OK  [0m] Started ebtables ruleset management.
[[0;32m  OK  [0m] Found device /dev/ttyS0.
[[0;32m  OK  [0m] Listening on Load/Save RF Kill Switch Status /dev/rfkill Watch.
[[0;32m  OK  [0m] Started AppArmor initialization.
         Starting Load AppArmor profiles managed internally by snapd...
         Starting Initial cloud-init job (pre-networking)...
[[0;32m  OK  [0m] Started Load AppArmor profiles managed internally by snapd.
[    7.541834] cloud-init[590]: Cloud-init v. 21.1-19-gbad84ad4-0ubuntu1~18.04.2 running 'init-local' at Sun, 30 May 2021 12:07:54 +0000. Up 7.25 seconds.
[[0;32m  OK  [0m] Started Initial cloud-init job (pre-networking).
[[0;32m  OK  [0m] Reached target Network (Pre).
         Starting Network Service...
[[0;32m  OK  [0m] Started Network Service.
         Starting Wait for Network to be Configured...
         Starting Network Name Resolution...
[[0;32m  OK  [0m] Started Network Name Resolution.
[[0;32m  OK  [0m] Reached target Host and Network Name Lookups.
[[0;32m  OK  [0m] Reached target Network.
[[0;32m  OK  [0m] Started Wait for Network to be Configured.
         Starting Initial cloud-init job (metadata service crawler)...
[    9.271506] cloud-init[705]: Cloud-init v. 21.1-19-gbad84ad4-0ubuntu1~18.04.2 running 'init' at Sun, 30 May 2021 12:07:56 +0000. Up 9.15 seconds.
[    9.272951] cloud-init[705]: ci-info: ++++++++++++++++++++++++++++++++++++++Net device info+++++++++++++++++++++++++++++++++++++++
[    9.274222] cloud-init[705]: ci-info: +--------+-------+----------------------------+---------------+--------+-------------------+
[    9.275446] cloud-init[705]: ci-info: | Device |   Up  |          Address           |      Mask     | Scope  |     Hw-Address    |
[    9.276626] cloud-init[705]: ci-info: +--------+-------+----------------------------+---------------+--------+-------------------+
[    9.277950] cloud-init[705]: ci-info: | enp0s3 |  True |         10.0.2.15          | 255.255.255.0 | global | 02:c3:ac:bf:e0:17 |
[    9.279183] cloud-init[705]: ci-info: | enp0s3 |  True | fe80::c3:acff:febf:e017/64 |       .       |  link  | 02:c3:ac:bf:e0:17 |
[    9.292377] cloud-init[705]: ci-info: | enp0s8 | False |             .              |       .       |   .    | 08:00:27:25:9b:b7 |
[    9.293625] cloud-init[705]: ci-info: |   lo   |  True |         127.0.0.1          |   255.0.0.0   |  host  |         .         |
[    9.294911] cloud-init[705]: ci-info: |   lo   |  True |          ::1/128           |       .       |  host  |         .         |
[    9.296186] cloud-init[705]: ci-info: +--------+-------+----------------------------+---------------+--------+-------------------+
[    9.297769] cloud-init[705]: ci-info: ++++++++++++++++++++++++++++Route IPv4 info+++++++++++++++++++++++++++++
[    9.298805] cloud-init[705]: ci-info: +-------+-------------+----------+-----------------+-----------+-------+
[    9.299867] cloud-init[705]: ci-info: | Route | Destination | Gateway  |     Genmask     | Interface | Flags |
[    9.300962] cloud-init[705]: ci-info: +-------+-------------+----------+-----------------+-----------+-------+
[    9.302025] cloud-init[705]: ci-info: |   0   |   0.0.0.0   | 10.0.2.2 |     0.0.0.0     |   enp0s3  |   UG  |
[    9.303075] cloud-init[705]: ci-info: |   1   |   10.0.2.0  | 0.0.0.0  |  255.255.255.0  |   enp0s3  |   U   |
[    9.304195] cloud-init[705]: ci-info: |   2   |   10.0.2.2  | 0.0.0.0  | 255.255.255.255 |   enp0s3  |   UH  |
[    9.305270] cloud-init[705]: ci-info: +-------+-------------+----------+-----------------+-----------+-------+
[    9.306405] cloud-init[705]: ci-info: +++++++++++++++++++Route IPv6 info+++++++++++++++++++
[    9.307320] cloud-init[705]: ci-info: +-------+-------------+---------+-----------+-------+
[    9.308258] cloud-init[705]: ci-info: | Route | Destination | Gateway | Interface | Flags |
[    9.309150] cloud-init[705]: ci-info: +-------+-------------+---------+-----------+-------+
[    9.310023] cloud-init[705]: ci-info: |   1   |  fe80::/64  |    ::   |   enp0s3  |   U   |
[    9.310766] cloud-init[705]: ci-info: |   3   |    local    |    ::   |   enp0s3  |   U   |
[    9.311614] cloud-init[705]: ci-info: |   4   |   ff00::/8  |    ::   |   enp0s3  |   U   |
[    9.312465] cloud-init[705]: ci-info: +-------+-------------+---------+-----------+-------+
[   10.283215] cloud-init[705]: Generating public/private rsa key pair.
[   10.283937] cloud-init[705]: Your identification has been saved in /etc/ssh/ssh_host_rsa_key.
[   10.284953] cloud-init[705]: Your public key has been saved in /etc/ssh/ssh_host_rsa_key.pub.
[   10.285763] cloud-init[705]: The key fingerprint is:
[   10.286308] cloud-init[705]: SHA256:iT9Ae/6Uc1OBE9FiRcFmk1vEh2mBnGKec3CRu2Ifks8 root@ubuntu-bionic
[   10.287282] cloud-init[705]: The key's randomart image is:
[   10.287785] cloud-init[705]: +---[RSA 2048]----+
[   10.288331] cloud-init[705]: |           .+@=O.|
[   10.288645] cloud-init[705]: |          + Oo@ +|
[   10.289147] cloud-init[705]: |      .  o *o*.+.|
[   10.289443] cloud-init[705]: |     . o .+ o... |
[   10.289974] cloud-init[705]: |      + S  + ..  |
[   10.290453] cloud-init[705]: |       =  =.o.   |
[   10.290980] cloud-init[705]: |        +.+*o.   |
[   10.291448] cloud-init[705]: |         + oE.   |
[   10.291820] cloud-init[705]: |          .      |
[   10.292389] cloud-init[705]: +----[SHA256]-----+
[   10.292757] cloud-init[705]: Generating public/private dsa key pair.
[   10.293475] cloud-init[705]: Your identification has been saved in /etc/ssh/ssh_host_dsa_key.
[   10.294173] cloud-init[705]: Your public key has been saved in /etc/ssh/ssh_host_dsa_key.pub.
[   10.295088] cloud-init[705]: The key fingerprint is:
[   10.295639] cloud-init[705]: SHA256:1Df9RLwZYa/W8g0l0idu8Zom/bCyWpeURzH0ylhNhUs root@ubuntu-bionic
[   10.296577] cloud-init[705]: The key's randomart image is:
[   10.308250] cloud-init[705]: +---[DSA 1024]----+
[   10.309214] cloud-init[705]: |              .O*|
[   10.309653] cloud-init[705]: |         .   oE=*|
[   10.310318] cloud-init[705]: |        . . +.B.%|
[   10.310966] cloud-init[705]: |       .   . B.^ |
[   10.311330] cloud-init[705]: |        S   . % =|
[   10.311830] cloud-init[705]: |             = O.|
[   10.312224] cloud-init[705]: |            o O o|
[   10.312825] cloud-init[705]: |           ..+ + |
[   10.313247] cloud-init[705]: |          ...o. .|
[   10.313789] cloud-init[705]: +----[SHA256]-----+
[   10.314240] cloud-init[705]: Generating public/private ecdsa key pair.
[   10.315005] cloud-init[705]: Your identification has been saved in /etc/ssh/ssh_host_ecdsa_key.
[   10.315791] cloud-init[705]: Your public key has been saved in /etc/ssh/ssh_host_ecdsa_key.pub.
[   10.316694] cloud-init[705]: The key fingerprint is:
[   10.317318] cloud-init[705]: SHA256:8mcbuY7vDdbEfa1QXF9HPsgI2ekWR628caf/7/xUFNo root@ubuntu-bionic
[   10.318146] cloud-init[705]: The key's randomart image is:
[   10.318789] cloud-init[705]: +---[ECDSA 256]---+
[   10.319261] cloud-init[705]: |         .o o..o=|
[   10.319867] cloud-init[705]: |         ..+oo++=|
[   10.320468] cloud-init[705]: |          ..+++E+|
[   10.321042] cloud-init[705]: |           + * o+|
[   10.321645] cloud-init[705]: |      . S . + =.=|
[   10.322198] cloud-init[705]: |       o   + o.o.|
[   10.322759] cloud-init[705]: |        . B . ...|
[   10.323345] cloud-init[705]: |         = *   o.|
[   10.323814] cloud-init[705]: |        .+* .  .X|
[   10.324394] cloud-init[705]: +----[SHA256]-----+
[   10.324833] cloud-init[705]: [[0;32m  OK  [0m] Started Initial cloud-init job (metadata service crawler).
[[0;32m  OK  [0m] Reached target Cloud-config availability.
[[0;32m  OK  [0m] Reached target Network is Online.
Generating public/private ed25519 key pair.
         Starting Availability of block devices...
[   10.327510] [[0;32m  OK  [0m] Reached target Remote File Systems (Pre).
[[0;32m  OK  [0m] Reached target Remote File Systems.
[[0;32m  OK  [0m] Reached target System Initialization.
[[0;32m  OK  [0m] Started Message of the Day.
[[0;32m  OK  [0m] Started Daily apt download activities.
[[0;32m  OK  [0m] Started Discard unused blocks once a week.
[[0;32m  OK  [0m] Listening on ACPID Listen Socket.
[[0;32m  OK  [0m] Started Daily apt upgrade and clean activities.
[[0;32m  OK  [0m] Started Ubuntu Advantage update messaging.
cloud-init[705]:          Starting LXD - unix socket.
Your identification has been saved in /etc/ssh/ssh_host_ed25519_key.
[[0;32m  OK  [0m] Started ACPI Events Check.
[[0;32m  OK  [0m] Reached target Paths.
[[0;32m  OK  [0m] Listening on Open-iSCSI iscsid Socket.
[[0;32m  OK  [0m] Listening on UUID daemon activation socket.
[[0;32m  OK  [0m] Listening on D-Bus System Message Bus Socket.
         Starting Socket activation for snappy daemon.
[[0;32m  OK  [0m] Started Daily Cleanup of Temporary Directories.
[[0;32m  OK  [0m] Reached target Timers.
[[0;32m  OK  [0m] Listening on LXD - unix socket.
[   10.339750] cloud-init[705]: [[0;32m  OK  [0m] Listening on Socket activation for snappy daemon.
[[0;32m  OK  [0m] Reached target Sockets.
[[0;32m  OK  [0m] Reached target Basic System.
Your public key has been saved in /etc/ssh/ssh_host_ed25519_key.pub.
[   10.342859] [[0;32m  OK  [0m] Started D-Bus System Message Bus.
cloud-init[705]: The key fingerprint is:
[   10.343926] cloud-init[705]: SHA256:oL6tsCy+3z2foC2t+uLsAagfEfCprHmRw/UwgvuNhnk root@ubuntu-bionic
[   10.344997] cloud-init[705]: The key's randomart image is:
[   10.345577] cloud-init[705]: +--[ED25519 256]--+
[   10.346104] cloud-init[705]: |.                |
[   10.346594] cloud-init[705]: | + .             |
[   10.347190] cloud-init[705]: |. = + .          |
[   10.347746] cloud-init[705]: |o+ = = .         |
[   10.348157] cloud-init[705]: |+o* . . S        |
[   10.348752] cloud-init[705]: |o=.B             |
[   10.349321] cloud-init[705]: |* E.o ..         |
[   10.349810] cloud-init[705]: |.*.=o++o. .      |
[   10.350609] cloud-init[705]: |.+O***+ooo       |
[   10.350924] cloud-init[705]: +----[SHA256]-----+
         Starting LSB: Record successful boot for GRUB...
         Starting Virtualbox guest utils...
         Starting System Logging Service...
         Starting Pollinate to seed the pseudo random number generator...
[[0;32m  OK  [0m] Started irqbalance daemon.
         Starting Dispatcher daemon for systemd-networkd...
         Starting Permit User Sessions...
         Starting Login Service...
[[0;32m  OK  [0m] Started Regular background program processing daemon.
[[0;32m  OK  [0m] Started Deferred execution scheduler.
[[0;32m  OK  [0m] Started FUSE filesystem for LXC.
         Starting LXD - container startup/shutdown...
         Starting Accounts Service...
         Starting LSB: automatic crash report generation...
         Starting Snap Daemon...
[[0;32m  OK  [0m] Started System Logging Service.
[[0;32m  OK  [0m] Started Availability of block devices.
[[0;32m  OK  [0m] Started Permit User Sessions.
[[0;32m  OK  [0m] Started Login Service.
[[0;32m  OK  [0m] Started Unattended Upgrades Shutdown.
         Starting Hold until boot process finishes up...
         Starting Terminate Plymouth Boot Screen...
[[0;32m  OK  [0m] Started Hold until boot process finishes up.
         Starting Set console scheme...
[[0;32m  OK  [0m] Started Serial Getty on ttyS0.
[[0;32m  OK  [0m] Started Terminate Plymouth Boot Screen.
[[0;32m  OK  [0m] Started Set console scheme.
[[0;32m  OK  [0m] Created slice system-getty.slice.
[[0;32m  OK  [0m] Started Getty on tty1.
[[0;32m  OK  [0m] Reached target Login Prompts.
         Starting Authorization Manager...
[[0;32m  OK  [0m] Started LSB: automatic crash report generation.
[[0;32m  OK  [0m] Started LSB: Record successful boot for GRUB.
[[0;32m  OK  [0m] Started Authorization Manager.
[[0;32m  OK  [0m] Started Accounts Service.
[[0;32m  OK  [0m] Started LXD - container startup/shutdown.
[[0;32m  OK  [0m] Started Virtualbox guest utils.
[[0;32m  OK  [0m] Started Dispatcher daemon for systemd-networkd.
[[0;32m  OK  [0m] Started Snap Daemon.
         Starting Wait until snapd is fully seeded...
[[0;32m  OK  [0m] Started Pollinate to seed the pseudo random number generator.
         Starting OpenBSD Secure Shell server...
[[0;32m  OK  [0m] Started OpenBSD Secure Shell server.
[[0;32m  OK  [0m] Created slice User Slice of vagrant.
         Starting User Manager for UID 1000...
[[0;32m  OK  [0m] Started Session 1 of user vagrant.
[[0;32m  OK  [0m] Started User Manager for UID 1000.
[[0;32m  OK  [0m] Started Wait until snapd is fully seeded.
[[0;32m  OK  [0m] Reached target Multi-User System.
[[0;32m  OK  [0m] Reached target Graphical Interface.
         Starting Update UTMP about System Runlevel Changes...
         Starting Apply the settings specified in cloud-config...
[[0;32m  OK  [0m] Started Update UTMP about System Runlevel Changes.
[   13.804560] cloud-init[1253]: Cloud-init v. 21.1-19-gbad84ad4-0ubuntu1~18.04.2 running 'modules:config' at Sun, 30 May 2021 12:08:00 +0000. Up 13.36 seconds.
[[0;32m  OK  [0m] Started Apply the settings specified in cloud-config.
         Starting Execute cloud user/final scripts...
ci-info: no authorized SSH keys fingerprints found for user ubuntu.
<14>May 30 12:08:01 ec2: 
<14>May 30 12:08:01 ec2: #############################################################
<14>May 30 12:08:01 ec2: -----BEGIN SSH HOST KEY FINGERPRINTS-----
<14>May 30 12:08:01 ec2: 1024 SHA256:1Df9RLwZYa/W8g0l0idu8Zom/bCyWpeURzH0ylhNhUs root@ubuntu-bionic (DSA)
<14>May 30 12:08:01 ec2: 256 SHA256:8mcbuY7vDdbEfa1QXF9HPsgI2ekWR628caf/7/xUFNo root@ubuntu-bionic (ECDSA)
<14>May 30 12:08:01 ec2: 256 SHA256:oL6tsCy+3z2foC2t+uLsAagfEfCprHmRw/UwgvuNhnk root@ubuntu-bionic (ED25519)
<14>May 30 12:08:01 ec2: 2048 SHA256:iT9Ae/6Uc1OBE9FiRcFmk1vEh2mBnGKec3CRu2Ifks8 root@ubuntu-bionic (RSA)
<14>May 30 12:08:01 ec2: -----END SSH HOST KEY FINGERPRINTS-----
<14>May 30 12:08:01 ec2: #############################################################
-----BEGIN SSH HOST KEY KEYS-----
ecdsa-sha2-nistp256 AAAAE2VjZHNhLXNoYTItbmlzdHAyNTYAAAAIbmlzdHAyNTYAAABBBJD6chVeGyTRf3Xk6WXXYy8b6aX4WSuGP8TPoZyIufM+8rMWoJFYtGiGZO4lN+aa8be+xvJ0BX/JgVlcXIbwZ6o= root@ubuntu-bionic
ssh-ed25519 AAAAC3NzaC1lZDI1NTE5AAAAIBCIWvP9AZZvAGoSrmDs6d4vD9yS8TnfTnzQq66/EUms root@ubuntu-bionic
ssh-rsa AAAAB3NzaC1yc2EAAAADAQABAAABAQDv27H2HshBZXBzNyj5ALSajxTcr7tQmNVjpqeCVLDHKFtHvCoqQO0aWbd/Vpb1GxaCROSi1fJNsRobhH7XwRqmL8Cu1rUQS1gGZkJoRrjMtSymm16Y/iUIISKWj+uo8t2z5HjTwYsGKn2E74QSDEbQIQ7bqre4uI4HG1tTNKGwnRSU8/GSGn19ODCOFn4oxQ/Kq0EXNU4SOODJ6InkA9TXEga3j3Euu1Rak7ttLXTZjH+iMP382KVnSpW0ZmhgMTnm8LgzWnmSEtiUvH4GASsjBTJzBurOc7ql/B2e8XBJZdTz5skfH1S1IrKWL23HKyz1/8R4aaG0n9sqjH8N7CUz root@ubuntu-bionic
-----END SSH HOST KEY KEYS-----
[   14.346134] cloud-init[1372]: Cloud-init v. 21.1-19-gbad84ad4-0ubuntu1~18.04.2 running 'modules:final' at Sun, 30 May 2021 12:08:01 +0000. Up 14.20 seconds.
[   14.348126] cloud-init[1372]: ci-info: no authorized SSH keys fingerprints found for user ubuntu.
[   14.360257] cloud-init[1372]: Cloud-init v. 21.1-19-gbad84ad4-0ubuntu1~18.04.2 finished at Sun, 30 May 2021 12:08:01 +0000. Datasource DataSourceNoCloud [seed=/dev/sdb][dsmode=net].  Up 14.33 seconds
[[0;32m  OK  [0m] Started Execute cloud user/final scripts.
[[0;32m  OK  [0m] Reached target Cloud-init target.

Ubuntu 18.04.5 LTS ubuntu-bionic ttyS0

ubuntu-bionic login: 